<?xml version="1.0" encoding="UTF-8"?>
<testng-results skipped="0" failed="0" ignored="0" total="1" passed="1">
  <reporter-output>
    <line>
      <![CDATA[Loged in successfully]]>
    </line>
  </reporter-output>
  <suite name="Default suite" duration-ms="97903" started-at="2022-01-21T15:24:17 IST" finished-at="2022-01-21T15:25:54 IST">
    <groups>
    </groups>
    <test name="Default test" duration-ms="97903" started-at="2022-01-21T15:24:17 IST" finished-at="2022-01-21T15:25:54 IST">
      <class name="testNGWorks.ElementsOfActitime">
        <test-method status="PASS" signature="loginActi()[pri:0, instance:testNGWorks.ElementsOfActitime@6321e813]" name="loginActi" duration-ms="97276" started-at="2022-01-21T15:24:17 IST" finished-at="2022-01-21T15:25:54 IST">
          <reporter-output>
            <line>
              <![CDATA[Loged in successfully]]>
            </line>
          </reporter-output>
        </test-method> <!-- loginActi -->
      </class> <!-- testNGWorks.ElementsOfActitime -->
    </test> <!-- Default test -->
  </suite> <!-- Default suite -->
</testng-results>
