<?xml version="1.0" encoding="UTF-8"?>
<!-- Generated by org.testng.reporters.JUnitXMLReporter -->
<testsuite hostname="DEVARAJ-TYC112178" ignored="2" name="Test" tests="2" failures="0" timestamp="2022-01-27T11:43:36 IST" time="2.39" errors="0">
  <testcase name="department" time="0.032" classname="testNGAdvance.TC_AT_004"/>
  <testcase name="employeeID" time="0.009" classname="testNGAdvance.TC_AT_002"/>
  <testcase name="salary" time="0.0" classname="testNGAdvance.TC_AT_003">
    <ignored/>
  </testcase> <!-- salary -->
  <testcase name="employeename" time="0.0" classname="testNGAdvance.TC_AT_001">
    <ignored/>
  </testcase> <!-- employeename -->
</testsuite> <!-- Test -->
